  BancoLetras.cpp
  Colores.cpp
  Excepciones.cpp
  Juego.cpp
C:\Users\XPC\OneDrive - Universidad Nacional de Costa Rica\ll semestre_2022\Estructuras_de_datos\Proyecto_datos_Scrabble_Vero_Alisson_Jennifer\ProyectoDatos\Juego.cpp(73,23): warning C4267: 'return': conversión de 'size_t' a 'int'; posible pérdida de datos
  Jugador.cpp
C:\Users\XPC\OneDrive - Universidad Nacional de Costa Rica\ll semestre_2022\Estructuras_de_datos\Proyecto_datos_Scrabble_Vero_Alisson_Jennifer\ProyectoDatos\Jugador.cpp(23,23): warning C4267: 'return': conversión de 'size_t' a 'int'; posible pérdida de datos
  Lista.cpp
  ListaL.cpp
  Menu.cpp
C:\Users\XPC\OneDrive - Universidad Nacional de Costa Rica\ll semestre_2022\Estructuras_de_datos\Proyecto_datos_Scrabble_Vero_Alisson_Jennifer\ProyectoDatos\Menu.cpp(169,18): warning C4267: '=': conversión de 'size_t' a 'int'; posible pérdida de datos
C:\Users\XPC\OneDrive - Universidad Nacional de Costa Rica\ll semestre_2022\Estructuras_de_datos\Proyecto_datos_Scrabble_Vero_Alisson_Jennifer\ProyectoDatos\Menu.cpp(191,19): warning C4267: '=': conversión de 'size_t' a 'int'; posible pérdida de datos
  Nodo.cpp
  NodoL.cpp
  Scrabble.cpp
C:\Users\XPC\OneDrive - Universidad Nacional de Costa Rica\ll semestre_2022\Estructuras_de_datos\Proyecto_datos_Scrabble_Vero_Alisson_Jennifer\ProyectoDatos\Scrabble.cpp(21,5): warning C4154: eliminación de una expresión de matriz; suministrada una conversión a puntero
C:\Users\XPC\OneDrive - Universidad Nacional de Costa Rica\ll semestre_2022\Estructuras_de_datos\Proyecto_datos_Scrabble_Vero_Alisson_Jennifer\ProyectoDatos\Scrabble.cpp(151,58): warning C4267: 'argumento': conversión de 'size_t' a 'int'; posible pérdida de datos
  Source.cpp
  Generando código...
C:\Users\XPC\OneDrive - Universidad Nacional de Costa Rica\ll semestre_2022\Estructuras_de_datos\Proyecto_datos_Scrabble_Vero_Alisson_Jennifer\ProyectoDatos\Scrabble.cpp(93): warning C4715: 'Scrabble::palabraUnida': no todas las rutas de acceso de control devuelven un valor
C:\Users\XPC\OneDrive - Universidad Nacional de Costa Rica\ll semestre_2022\Estructuras_de_datos\Proyecto_datos_Scrabble_Vero_Alisson_Jennifer\ProyectoDatos\Scrabble.cpp(225): warning C4715: 'Scrabble::agregarNodoAListaExistente': no todas las rutas de acceso de control devuelven un valor
C:\Users\XPC\OneDrive - Universidad Nacional de Costa Rica\ll semestre_2022\Estructuras_de_datos\Proyecto_datos_Scrabble_Vero_Alisson_Jennifer\ProyectoDatos\ListaL.cpp(199): warning C4715: 'ListaL::verificarPalabra': no todas las rutas de acceso de control devuelven un valor
C:\Users\XPC\OneDrive - Universidad Nacional de Costa Rica\ll semestre_2022\Estructuras_de_datos\Proyecto_datos_Scrabble_Vero_Alisson_Jennifer\ProyectoDatos\Juego.cpp(104): warning C4715: 'Juego::verificar': no todas las rutas de acceso de control devuelven un valor
  ProyectoDatos.vcxproj -> C:\Users\XPC\OneDrive - Universidad Nacional de Costa Rica\ll semestre_2022\Estructuras_de_datos\Proyecto_datos_Scrabble_Vero_Alisson_Jennifer\x64\Debug\ProyectoDatos.exe
