c:\users\usuario\onedrive - universidad nacional de costa rica\semestre 4\estructuras de datos\proyectodatos\proyectodatos\x64\debug\vc143.pdb
c:\users\usuario\onedrive - universidad nacional de costa rica\semestre 4\estructuras de datos\proyectodatos\proyectodatos\x64\debug\vc143.idb
c:\users\usuario\onedrive - universidad nacional de costa rica\semestre 4\estructuras de datos\proyectodatos\proyectodatos\x64\debug\source.obj
c:\users\usuario\onedrive - universidad nacional de costa rica\semestre 4\estructuras de datos\proyectodatos\proyectodatos\x64\debug\scrabble.obj
c:\users\usuario\onedrive - universidad nacional de costa rica\semestre 4\estructuras de datos\proyectodatos\proyectodatos\x64\debug\nodol.obj
c:\users\usuario\onedrive - universidad nacional de costa rica\semestre 4\estructuras de datos\proyectodatos\proyectodatos\x64\debug\nodo.obj
c:\users\usuario\onedrive - universidad nacional de costa rica\semestre 4\estructuras de datos\proyectodatos\proyectodatos\x64\debug\listal.obj
c:\users\usuario\onedrive - universidad nacional de costa rica\semestre 4\estructuras de datos\proyectodatos\proyectodatos\x64\debug\lista.obj
c:\users\usuario\onedrive - universidad nacional de costa rica\semestre 4\estructuras de datos\proyectodatos\proyectodatos\x64\debug\jugador.obj
c:\users\usuario\onedrive - universidad nacional de costa rica\semestre 4\estructuras de datos\proyectodatos\proyectodatos\x64\debug\juego.obj
c:\users\usuario\onedrive - universidad nacional de costa rica\semestre 4\estructuras de datos\proyectodatos\proyectodatos\x64\debug\colores.obj
c:\users\usuario\onedrive - universidad nacional de costa rica\semestre 4\estructuras de datos\proyectodatos\proyectodatos\x64\debug\bancoletras.obj
c:\users\usuario\onedrive - universidad nacional de costa rica\semestre 4\estructuras de datos\proyectodatos\proyectodatos\x64\debug\excepciones.obj
c:\users\usuario\onedrive - universidad nacional de costa rica\semestre 4\estructuras de datos\proyectodatos\x64\debug\proyectodatos.exe
c:\users\usuario\onedrive - universidad nacional de costa rica\semestre 4\estructuras de datos\proyectodatos\proyectodatos\x64\debug\proyectodatos.ilk
c:\users\usuario\onedrive - universidad nacional de costa rica\semestre 4\estructuras de datos\proyectodatos\x64\debug\proyectodatos.pdb
c:\users\usuario\onedrive - universidad nacional de costa rica\semestre 4\estructuras de datos\proyectodatos\proyectodatos\x64\debug\archivos.obj
c:\users\usuario\onedrive - universidad nacional de costa rica\semestre 4\estructuras de datos\proyectodatos\proyectodatos\x64\debug\listaletras.obj
c:\users\usuario\onedrive - universidad nacional de costa rica\semestre 4\estructuras de datos\proyectodatos\proyectodatos\x64\debug\archivos.obj.enc
c:\users\usuario\onedrive - universidad nacional de costa rica\semestre 4\estructuras de datos\proyectodatos\proyectodatos\x64\debug\juego.obj.enc
c:\users\usuario\onedrive - universidad nacional de costa rica\semestre 4\estructuras de datos\proyectodatos\proyectodatos\x64\debug\listaletras.obj.enc
c:\users\usuario\onedrive - universidad nacional de costa rica\semestre 4\estructuras de datos\proyectodatos\proyectodatos\x64\debug\scrabble.obj.enc
c:\users\usuario\onedrive - universidad nacional de costa rica\semestre 4\estructuras de datos\proyectodatos\proyectodatos\x64\debug\proyectodatos.tlog\cl.command.1.tlog
c:\users\usuario\onedrive - universidad nacional de costa rica\semestre 4\estructuras de datos\proyectodatos\proyectodatos\x64\debug\proyectodatos.tlog\cl.read.1.tlog
c:\users\usuario\onedrive - universidad nacional de costa rica\semestre 4\estructuras de datos\proyectodatos\proyectodatos\x64\debug\proyectodatos.tlog\cl.write.1.tlog
c:\users\usuario\onedrive - universidad nacional de costa rica\semestre 4\estructuras de datos\proyectodatos\proyectodatos\x64\debug\proyectodatos.tlog\link.command.1.tlog
c:\users\usuario\onedrive - universidad nacional de costa rica\semestre 4\estructuras de datos\proyectodatos\proyectodatos\x64\debug\proyectodatos.tlog\link.read.1.tlog
c:\users\usuario\onedrive - universidad nacional de costa rica\semestre 4\estructuras de datos\proyectodatos\proyectodatos\x64\debug\proyectodatos.tlog\link.write.1.tlog
